<?xml version='1.0' encoding='UTF-8'?>
<testsuite hostname="cyp-CX70-2QF" name="bowling.BowlingSpec" tests="4" errors="0" failures="0" skipped="0" time="0.027">
                     <properties>
[...]
</properties>
                     <testcase classname="bowling.BowlingSpec" name="A roll with 0 pin down gives a score of 0" time="0.025">
                                                 
                                               </testcase><testcase classname="bowling.BowlingSpec" name="A roll with strikes gives a score of 300" time="0.001">
                                                 
                                               </testcase><testcase classname="bowling.BowlingSpec" name="A roll with 1 pin down gives a score of 20" time="0.0">
                                                 
                                               </testcase><testcase classname="bowling.BowlingSpec" name="20 rolls with 1 pin down give a score of 20" time="0.001">
                                                 
                                               </testcase>
                     <system-out><![CDATA[]]></system-out>
                     <system-err><![CDATA[]]></system-err>
                   </testsuite>